#
# There is insufficient memory for the Java Runtime Environment to continue.
# Native memory allocation (mmap) failed to map 268435456 bytes for G1 virtual space
# Possible reasons:
#   The system is out of physical RAM or swap space
#   The process is running with CompressedOops enabled, and the Java Heap may be blocking the growth of the native heap
# Possible solutions:
#   Reduce memory load on the system
#   Increase physical memory or swap space
#   Check if swap backing store is full
#   Decrease Java heap size (-Xmx/-Xms)
#   Decrease number of Java threads
#   Decrease Java thread stack sizes (-Xss)
#   Set larger code cache with -XX:ReservedCodeCacheSize=
#   JVM is running with Zero Based Compressed Oops mode in which the Java heap is
#     placed in the first 32GB address space. The Java Heap base address is the
#     maximum limit for the native heap growth. Please use -XX:HeapBaseMinAddress
#     to set the Java Heap base and to place the Java Heap above 32GB virtual address.
# This output file may be truncated or incomplete.
#
#  Out of Memory Error (os_windows.cpp:3528), pid=176696, tid=182668
#
# JRE version:  (20.0+36) (build )
# Java VM: Java HotSpot(TM) 64-Bit Server VM (20+36-2344, mixed mode, sharing, tiered, compressed oops, compressed class ptrs, g1 gc, windows-amd64)
# No core dump will be written. Minidumps are not enabled by default on client versions of Windows
#

---------------  S U M M A R Y ------------

Command Line: 

Host: AMD Ryzen 5 3600 6-Core Processor              , 12 cores, 15G,  Windows 10 , 64 bit Build 19041 (10.0.19041.3636)
Time: Thu May  9 17:38:39 2024 Eastern Daylight Time elapsed time: 0.010712 seconds (0d 0h 0m 0s)

---------------  T H R E A D  ---------------

Current thread (0x000001eae2884c40):  JavaThread "Unknown thread" [_thread_in_vm, id=182668, stack(0x000000a0d1e00000,0x000000a0d1f00000)]

Stack: [0x000000a0d1e00000,0x000000a0d1f00000]
Native frames: (J=compiled Java code, j=interpreted, Vv=VM code, C=native code)
V  [jvm.dll+0x6bb95a]
V  [jvm.dll+0x8483aa]
V  [jvm.dll+0x849fa5]
V  [jvm.dll+0x84a6a3]
V  [jvm.dll+0x280b0f]
V  [jvm.dll+0x6b86e9]
V  [jvm.dll+0x6ad2da]
V  [jvm.dll+0x35adf5]
V  [jvm.dll+0x363016]
V  [jvm.dll+0x3b3b3e]
V  [jvm.dll+0x3b3dc5]
V  [jvm.dll+0x32b50a]
V  [jvm.dll+0x32c32b]
V  [jvm.dll+0x81106f]
V  [jvm.dll+0x3c0d91]
V  [jvm.dll+0x7fcd93]
V  [jvm.dll+0x44c76f]
V  [jvm.dll+0x44e0e1]
C  [jli.dll+0x5287]
C  [ucrtbase.dll+0x21bb2]
C  [KERNEL32.DLL+0x17344]
C  [ntdll.dll+0x526b1]


---------------  P R O C E S S  ---------------

Threads class SMR info:
_java_thread_list=0x00007ffddceca098, length=0, elements={
}

Java Threads: ( => current thread )

Other Threads:
  0x000001eae28f4cd0 WorkerThread "GC Thread#0" [stack: 0x000000a0d1f00000,0x000000a0d2000000] [id=183812]
  0x000001eae2906cd0 ConcurrentGCThread "G1 Main Marker" [stack: 0x000000a0d2000000,0x000000a0d2100000] [id=180040]
  0x000001eae2907ea0 WorkerThread "G1 Conc#0" [stack: 0x000000a0d2100000,0x000000a0d2200000] [id=180052]

[error occurred during error reporting (printing all threads), id 0xc0000005, EXCEPTION_ACCESS_VIOLATION (0xc0000005) at pc=0x00007ffddc6aeb47]
VM state: not at safepoint (not fully initialized)

VM Mutex/Monitor currently owned by a thread:  ([mutex/lock_event])
[0x000001eae2884660] Heap_lock - owner thread: 0x000001eae2884c40

Heap address: 0x0000000700c00000, size: 4084 MB, Compressed Oops mode: Zero based, Oop shift amount: 3

CDS archive(s) mapped at: [0x0000000000000000-0x0000000000000000-0x0000000000000000), size 0, SharedBaseAddress: 0x0000000800000000, ArchiveRelocationMode: 0.
Narrow klass base: 0x0000000000000000, Narrow klass shift: 0, Narrow klass range: 0x0

GC Precious Log:
 CardTable entry size: 512
 Card Set container configuration: InlinePtr #cards 4 size 8 Array Of Cards #cards 16 size 48 Howl #buckets 8 coarsen threshold 3686 Howl Bitmap #cards 512 size 80 coarsen threshold 460 Card regions per heap region 1 cards per card region 4096

Heap:
 garbage-first heap   total 0K, used 0K [0x0000000700c00000, 0x0000000800000000)
  region size 2048K, 0 young (0K), 0 survivors (0K)

[error occurred during error reporting (printing heap information), id 0xc0000005, EXCEPTION_ACCESS_VIOLATION (0xc0000005) at pc=0x00007ffddca83c59]
GC Heap History (0 events):
No events

Dll operation events (1 events):
Event: 0.005 Loaded shared library C:\Program Files\Java\jdk-20\bin\java.dll

Deoptimization events (0 events):
No events

Classes loaded (0 events):
No events

Classes unloaded (0 events):
No events

Classes redefined (0 events):
No events

Internal exceptions (0 events):
No events

VM Operations (0 events):
No events

Events (0 events):
No events


Dynamic libraries:
0x00007ff69fb50000 - 0x00007ff69fb60000 	C:\Program Files\Java\jdk-20\bin\java.exe
0x00007ffe35290000 - 0x00007ffe35488000 	C:\WINDOWS\SYSTEM32\ntdll.dll
0x00007ffe35070000 - 0x00007ffe3512d000 	C:\WINDOWS\System32\KERNEL32.DLL
0x00007ffe329d0000 - 0x00007ffe32cc6000 	C:\WINDOWS\System32\KERNELBASE.dll
0x00007ffe32cd0000 - 0x00007ffe32dd0000 	C:\WINDOWS\System32\ucrtbase.dll
0x00007ffe0ac60000 - 0x00007ffe0ac7b000 	C:\Program Files\Java\jdk-20\bin\VCRUNTIME140.dll
0x00007ffe14010000 - 0x00007ffe14029000 	C:\Program Files\Java\jdk-20\bin\jli.dll
0x00007ffe34290000 - 0x00007ffe34340000 	C:\WINDOWS\System32\ADVAPI32.dll
0x00007ffe351b0000 - 0x00007ffe3524e000 	C:\WINDOWS\System32\msvcrt.dll
0x00007ffe34170000 - 0x00007ffe34210000 	C:\WINDOWS\System32\sechost.dll
0x00007ffe332c0000 - 0x00007ffe333e3000 	C:\WINDOWS\System32\RPCRT4.dll
0x00007ffe32f40000 - 0x00007ffe32f67000 	C:\WINDOWS\System32\bcrypt.dll
0x00007ffe33d20000 - 0x00007ffe33ebf000 	C:\WINDOWS\System32\USER32.dll
0x00007ffe33290000 - 0x00007ffe332b2000 	C:\WINDOWS\System32\win32u.dll
0x00007ffe24310000 - 0x00007ffe245aa000 	C:\WINDOWS\WinSxS\amd64_microsoft.windows.common-controls_6595b64144ccf1df_6.0.19041.3636_none_60b6a03d71f818d5\COMCTL32.dll
0x00007ffe34e50000 - 0x00007ffe34e7b000 	C:\WINDOWS\System32\GDI32.dll
0x00007ffe33170000 - 0x00007ffe33287000 	C:\WINDOWS\System32\gdi32full.dll
0x00007ffe330d0000 - 0x00007ffe3316d000 	C:\WINDOWS\System32\msvcp_win.dll
0x00007ffe2cfc0000 - 0x00007ffe2cfca000 	C:\WINDOWS\SYSTEM32\VERSION.dll
0x00007ffe348b0000 - 0x00007ffe348e2000 	C:\WINDOWS\System32\IMM32.DLL
0x00007ffe2f430000 - 0x00007ffe2f43c000 	C:\Program Files\Java\jdk-20\bin\vcruntime140_1.dll
0x00007ffe01930000 - 0x00007ffe019be000 	C:\Program Files\Java\jdk-20\bin\msvcp140.dll
0x00007ffddc370000 - 0x00007ffddd007000 	C:\Program Files\Java\jdk-20\bin\server\jvm.dll
0x00007ffe2a280000 - 0x00007ffe2a2a7000 	C:\WINDOWS\SYSTEM32\WINMM.dll
0x00007ffe24e90000 - 0x00007ffe24e99000 	C:\WINDOWS\SYSTEM32\WSOCK32.dll
0x00007ffe33ff0000 - 0x00007ffe3405b000 	C:\WINDOWS\System32\WS2_32.dll
0x00007ffe311b0000 - 0x00007ffe311c2000 	C:\WINDOWS\SYSTEM32\kernel.appcore.dll
0x00007ffe2ebc0000 - 0x00007ffe2ebca000 	C:\Program Files\Java\jdk-20\bin\jimage.dll
0x00007ffe30650000 - 0x00007ffe30834000 	C:\WINDOWS\SYSTEM32\DBGHELP.DLL
0x00007ffe2c650000 - 0x00007ffe2c684000 	C:\WINDOWS\SYSTEM32\dbgcore.DLL
0x00007ffe32940000 - 0x00007ffe329c2000 	C:\WINDOWS\System32\bcryptPrimitives.dll
0x00007ffe08a80000 - 0x00007ffe08aa6000 	C:\Program Files\Java\jdk-20\bin\java.dll

dbghelp: loaded successfully - version: 4.0.5 - missing functions: none
symbol engine: initialized successfully - sym options: 0x614 - pdb path: .;C:\Program Files\Java\jdk-20\bin;C:\WINDOWS\SYSTEM32;C:\WINDOWS\WinSxS\amd64_microsoft.windows.common-controls_6595b64144ccf1df_6.0.19041.3636_none_60b6a03d71f818d5;C:\Program Files\Java\jdk-20\bin\server

VM Arguments:
java_command: <unknown>
java_class_path (initial): <not set>
Launcher Type: SUN_STANDARD

[Global flags]
     intx CICompilerCount                          = 4                                         {product} {ergonomic}
     uint ConcGCThreads                            = 3                                         {product} {ergonomic}
     uint G1ConcRefinementThreads                  = 10                                        {product} {ergonomic}
   size_t G1HeapRegionSize                         = 2097152                                   {product} {ergonomic}
    uintx GCDrainStackTargetSize                   = 64                                        {product} {ergonomic}
   size_t InitialHeapSize                          = 268435456                                 {product} {ergonomic}
   size_t MarkStackSize                            = 4194304                                   {product} {ergonomic}
   size_t MaxHeapSize                              = 4282384384                                {product} {ergonomic}
   size_t MinHeapDeltaBytes                        = 2097152                                   {product} {ergonomic}
   size_t MinHeapSize                              = 8388608                                   {product} {ergonomic}
    uintx NonNMethodCodeHeapSize                   = 5839372                                {pd product} {ergonomic}
    uintx NonProfiledCodeHeapSize                  = 122909434                              {pd product} {ergonomic}
    uintx ProfiledCodeHeapSize                     = 122909434                              {pd product} {ergonomic}
    uintx ReservedCodeCacheSize                    = 251658240                              {pd product} {ergonomic}
     bool SegmentedCodeCache                       = true                                      {product} {ergonomic}
   size_t SoftMaxHeapSize                          = 4282384384                             {manageable} {ergonomic}
     bool UseCompressedClassPointers               = true                           {product lp64_product} {ergonomic}
     bool UseCompressedOops                        = true                           {product lp64_product} {ergonomic}
     bool UseG1GC                                  = true                                      {product} {ergonomic}
     bool UseLargePagesIndividualAllocation        = false                                  {pd product} {ergonomic}

Logging:
Log output configuration:
 #0: stdout all=warning uptime,level,tags foldmultilines=false
 #1: stderr all=off uptime,level,tags foldmultilines=false

Environment Variables:
PATH=D:\Projects\React\fitfeed-app\fitfeed\node_modules\.bin;D:\Projects\React\fitfeed-app\fitfeed\node_modules\.bin;D:\Projects\React\fitfeed-app\node_modules\.bin;D:\Projects\React\node_modules\.bin;D:\Projects\node_modules\.bin;D:\node_modules\.bin;C:\Users\Artyom Gabtraupov\AppData\Roaming\npm\node_modules\npm\node_modules\@npmcli\run-script\lib\node-gyp-bin;C:\Program Files\Common Files\Oracle\Java\javapath;C:\Program Files (x86)\Common Files\Oracle\Java\javapath;C:\Program Files\PlasticSCM5\server;C:\Program Files\PlasticSCM5\client;C:\ProgramData\Oracle\Java\javapath;C:\Windows\system32;C:\Windows;C:\Windows\System32\Wbem;C:\Windows\System32\WindowsPowerShell\v1.0\;C:\Windows\System32\OpenSSH\;C:\Program Files\NVIDIA Corporation\NVIDIA NvDLISR;C:\Program Files (x86)\NVIDIA Corporation\PhysX\Common;C:\WINDOWS\system32;C:\WINDOWS;C:\WINDOWS\System32\Wbem;C:\WINDOWS\System32\WindowsPowerShell\v1.0\;C:\WINDOWS\System32\OpenSSH\;C:\Program Files\dotnet\;C:\Program Files\Git\cmd;C:\Program Files\Git\bin;C:\Users\Artyom Gabtraupov\AppData\Local\Programs\Python\Python311;C:\Users\Artyom Gabtraupov\AppData\Local\Programs\Python\Python311\Scripts;C:\Program Files\nodejs\;C:\Program Files (x86)\GnuWin32\bin;C:\Users\Artyom Gabtraupov\AppData\Roaming\npm;C:\Users\Artyom Gabtraupov\AppData\Local\Android\Sdk;C:\Users\Artyom Gabtraupov\AppData\Local\Microsoft\WindowsApps;C:\Users\Artyom Gabtraupov\AppData\Local\Programs\Microsoft VS Code\bin;C:\Program Files\JetBrains\PyCharm Community Edition 2022.3\bin;;C:\Users\Artyom Gabtraupov\.dotnet\tools;C:\Users\Artyom Gabtraupov\AppData\Roaming\npm;C:\MinGW\bin;C:\Users\Artyom Gabtraupov\AppData\Local\GitHubDesktop\bin;C:\Users\Artyom Gabtraupov\AppData\Roaming\npm;
USERNAME=Artyom Gabtraupov
LANG=en_US.UTF-8
OS=Windows_NT
PROCESSOR_IDENTIFIER=AMD64 Family 23 Model 113 Stepping 0, AuthenticAMD
TMP=C:\Users\ARTYOM~1\AppData\Local\Temp
TEMP=C:\Users\ARTYOM~1\AppData\Local\Temp




---------------  S Y S T E M  ---------------

OS:
 Windows 10 , 64 bit Build 19041 (10.0.19041.3636)
OS uptime: 29 days 15:45 hours

CPU: total 12 (initial active 12) (12 cores per cpu, 2 threads per core) family 23 model 113 stepping 0 microcode 0x0, cx8, cmov, fxsr, ht, mmx, 3dnowpref, sse, sse2, sse3, ssse3, sse4a, sse4.1, sse4.2, popcnt, lzcnt, tsc, tscinvbit, avx, avx2, aes, clmul, bmi1, bmi2, adx, sha, fma, vzeroupper, clflush, clflushopt, rdtscp, rdpid, f16c

Memory: 4k page, system-wide physical 16332M (1380M free)
TotalPageFile size 65484M (AvailPageFile size 248M)
current process WorkingSet (physical memory assigned to process): 10M, peak: 10M
current process commit charge ("private bytes"): 64M, peak: 320M

vm_info: Java HotSpot(TM) 64-Bit Server VM (20+36-2344) for windows-amd64 JRE (20+36-2344), built on 2023-02-10T19:30:15Z by "mach5one" with MS VC++ 17.1 (VS2022)

END.
